DEB [20160913-10:23:15.716] thr=1   paramiko.transport: starting thread (client mode): 0x2f3d910L
DEB [20160913-10:23:15.717] thr=1   paramiko.transport: Local version/idstring: SSH-2.0-paramiko_1.17.2
DEB [20160913-10:23:15.871] thr=1   paramiko.transport: Remote version/idstring: SSH-2.0-OpenSSH_7.2p2 Ubuntu-4ubuntu1
INF [20160913-10:23:15.871] thr=1   paramiko.transport: Connected (version 2.0, client OpenSSH_7.2p2)
DEB [20160913-10:23:15.872] thr=1   paramiko.transport: kex algos:[u'curve25519-sha256@libssh.org', u'ecdh-sha2-nistp256', u'ecdh-sha2-nistp384', u'ecdh-sha2-nistp521', u'diffie-hellman-group-exchange-sha256', u'diffie-hellman-group14-sha1'] server key:[u'ssh-rsa', u'rsa-sha2-512', u'rsa-sha2-256', u'ecdsa-sha2-nistp256', u'ssh-ed25519'] client encrypt:[u'chacha20-poly1305@openssh.com', u'aes128-ctr', u'aes192-ctr', u'aes256-ctr', u'aes128-gcm@openssh.com', u'aes256-gcm@openssh.com'] server encrypt:[u'chacha20-poly1305@openssh.com', u'aes128-ctr', u'aes192-ctr', u'aes256-ctr', u'aes128-gcm@openssh.com', u'aes256-gcm@openssh.com'] client mac:[u'umac-64-etm@openssh.com', u'umac-128-etm@openssh.com', u'hmac-sha2-256-etm@openssh.com', u'hmac-sha2-512-etm@openssh.com', u'hmac-sha1-etm@openssh.com', u'umac-64@openssh.com', u'umac-128@openssh.com', u'hmac-sha2-256', u'hmac-sha2-512', u'hmac-sha1'] server mac:[u'umac-64-etm@openssh.com', u'umac-128-etm@openssh.com', u'hmac-sha2-256-etm@openssh.com', u'hmac-sha2-512-etm@openssh.com', u'hmac-sha1-etm@openssh.com', u'umac-64@openssh.com', u'umac-128@openssh.com', u'hmac-sha2-256', u'hmac-sha2-512', u'hmac-sha1'] client compress:[u'none', u'zlib@openssh.com'] server compress:[u'none', u'zlib@openssh.com'] client lang:[u''] server lang:[u''] kex follows?False
DEB [20160913-10:23:15.872] thr=1   paramiko.transport: Kex agreed: diffie-hellman-group14-sha1
DEB [20160913-10:23:15.874] thr=1   paramiko.transport: Cipher agreed: aes128-ctr
DEB [20160913-10:23:15.874] thr=1   paramiko.transport: MAC agreed: hmac-sha2-256
DEB [20160913-10:23:15.874] thr=1   paramiko.transport: Compression agreed: none
DEB [20160913-10:23:16.036] thr=1   paramiko.transport: kex engine KexGroup14 specified hash_algo <built-in function openssl_sha1>
DEB [20160913-10:23:16.036] thr=1   paramiko.transport: Switch to new keys ...
DEB [20160913-10:23:16.040] thr=2   paramiko.transport: Adding ssh-rsa host key for 192.168.1.111: 8037b1bf3e719e62bccf6ef11a8a3778
DEB [20160913-10:23:16.091] thr=2   paramiko.transport: Trying discovered key 8fcc6466984cb6dc4caf97a3c8fb389a in C:\Users\MYR/.ssh/id_rsa
DEB [20160913-10:23:16.394] thr=1   paramiko.transport: userauth is OK
INF [20160913-10:23:16.680] thr=1   paramiko.transport: Authentication (publickey) failed.
DEB [20160913-10:23:16.681] thr=1   paramiko.transport: userauth is OK
INF [20160913-10:23:16.746] thr=1   paramiko.transport: Authentication (password) successful!
DEB [20160913-10:23:16.780] thr=2   paramiko.transport: [chan 0] Max packet in: 32768 bytes
DEB [20160913-10:23:16.796] thr=1   paramiko.transport: Received global request "hostkeys-00@openssh.com"
DEB [20160913-10:23:16.796] thr=1   paramiko.transport: Rejecting "hostkeys-00@openssh.com" global request from server.
DEB [20160913-10:23:16.846] thr=1   paramiko.transport: [chan 0] Max packet out: 32768 bytes
DEB [20160913-10:23:16.846] thr=1   paramiko.transport: Secsh channel 0 opened.
DEB [20160913-10:23:16.882] thr=1   paramiko.transport: [chan 0] Sesch channel 0 request ok
DEB [20160913-10:23:16.882] thr=2   paramiko.transport: [chan 1] Max packet in: 32768 bytes
DEB [20160913-10:23:16.884] thr=1   paramiko.transport: [chan 1] Max packet out: 32768 bytes
DEB [20160913-10:23:16.884] thr=1   paramiko.transport: Secsh channel 1 opened.
DEB [20160913-10:23:16.885] thr=1   paramiko.transport: [chan 0] EOF sent (0)
DEB [20160913-10:23:16.887] thr=1   paramiko.transport: [chan 1] Sesch channel 1 request ok
DEB [20160913-10:23:16.913] thr=1   paramiko.transport: Ignoring message for dead channel 0
DEB [20160913-10:23:16.913] thr=1   paramiko.transport: Ignoring message for dead channel 0
DEB [20160913-10:23:16.913] thr=1   paramiko.transport: Ignoring message for dead channel 0
DEB [20160913-10:23:17.102] thr=1   paramiko.transport: [chan 1] EOF received (1)
DEB [20160913-10:23:17.111] thr=3   paramiko.transport: starting thread (client mode): 0x2f41cf0L
DEB [20160913-10:23:17.112] thr=3   paramiko.transport: Local version/idstring: SSH-2.0-paramiko_1.17.2
DEB [20160913-10:23:17.187] thr=3   paramiko.transport: Remote version/idstring: SSH-2.0-OpenSSH_7.2p2 Ubuntu-4ubuntu1
INF [20160913-10:23:17.188] thr=3   paramiko.transport: Connected (version 2.0, client OpenSSH_7.2p2)
DEB [20160913-10:23:17.190] thr=3   paramiko.transport: kex algos:[u'curve25519-sha256@libssh.org', u'ecdh-sha2-nistp256', u'ecdh-sha2-nistp384', u'ecdh-sha2-nistp521', u'diffie-hellman-group-exchange-sha256', u'diffie-hellman-group14-sha1'] server key:[u'ssh-rsa', u'rsa-sha2-512', u'rsa-sha2-256', u'ecdsa-sha2-nistp256', u'ssh-ed25519'] client encrypt:[u'chacha20-poly1305@openssh.com', u'aes128-ctr', u'aes192-ctr', u'aes256-ctr', u'aes128-gcm@openssh.com', u'aes256-gcm@openssh.com'] server encrypt:[u'chacha20-poly1305@openssh.com', u'aes128-ctr', u'aes192-ctr', u'aes256-ctr', u'aes128-gcm@openssh.com', u'aes256-gcm@openssh.com'] client mac:[u'umac-64-etm@openssh.com', u'umac-128-etm@openssh.com', u'hmac-sha2-256-etm@openssh.com', u'hmac-sha2-512-etm@openssh.com', u'hmac-sha1-etm@openssh.com', u'umac-64@openssh.com', u'umac-128@openssh.com', u'hmac-sha2-256', u'hmac-sha2-512', u'hmac-sha1'] server mac:[u'umac-64-etm@openssh.com', u'umac-128-etm@openssh.com', u'hmac-sha2-256-etm@openssh.com', u'hmac-sha2-512-etm@openssh.com', u'hmac-sha1-etm@openssh.com', u'umac-64@openssh.com', u'umac-128@openssh.com', u'hmac-sha2-256', u'hmac-sha2-512', u'hmac-sha1'] client compress:[u'none', u'zlib@openssh.com'] server compress:[u'none', u'zlib@openssh.com'] client lang:[u''] server lang:[u''] kex follows?False
DEB [20160913-10:23:17.190] thr=3   paramiko.transport: Kex agreed: diffie-hellman-group14-sha1
DEB [20160913-10:23:17.190] thr=3   paramiko.transport: Cipher agreed: aes128-ctr
DEB [20160913-10:23:17.190] thr=3   paramiko.transport: MAC agreed: hmac-sha2-256
DEB [20160913-10:23:17.190] thr=3   paramiko.transport: Compression agreed: none
DEB [20160913-10:23:17.341] thr=3   paramiko.transport: kex engine KexGroup14 specified hash_algo <built-in function openssl_sha1>
DEB [20160913-10:23:17.341] thr=3   paramiko.transport: Switch to new keys ...
DEB [20160913-10:23:17.346] thr=2   paramiko.transport: Attempting password auth...
DEB [20160913-10:23:17.641] thr=3   paramiko.transport: userauth is OK
INF [20160913-10:23:17.664] thr=3   paramiko.transport: Authentication (password) successful!
DEB [20160913-10:23:17.678] thr=2   paramiko.transport: [chan 0] Max packet in: 32768 bytes
DEB [20160913-10:23:17.733] thr=3   paramiko.transport: Received global request "hostkeys-00@openssh.com"
DEB [20160913-10:23:17.733] thr=3   paramiko.transport: Rejecting "hostkeys-00@openssh.com" global request from server.
DEB [20160913-10:23:17.782] thr=3   paramiko.transport: [chan 0] Max packet out: 32768 bytes
DEB [20160913-10:23:17.782] thr=3   paramiko.transport: Secsh channel 0 opened.
DEB [20160913-10:23:17.801] thr=3   paramiko.transport: [chan 0] Sesch channel 0 request ok
INF [20160913-10:23:17.819] thr=2   paramiko.transport.sftp: [chan 0] Opened sftp connection (server version 3)
DEB [20160913-10:23:17.920] thr=3   paramiko.transport: EOF in transport thread
